<?xml version="1.0" encoding="UTF-8"?>
<!-- Generated by org.testng.reporters.JUnitXMLReporter -->
<testsuite hostname="DESKTOP-O5V99DE" ignored="0" name="Default test" tests="3" failures="0" timestamp="30 Apr 2019 11:49:48 GMT" time="19.145" errors="0">
  <testcase name="verifyContactsLableTest" time="0.62" classname="com.crm.qa.testCases.ContactsPageTest"/>
  <testcase name="selectContactsTest" time="0.163" classname="com.crm.qa.testCases.ContactsPageTest"/>
  <testcase name="validateCreateNewContact" time="2.082" classname="com.crm.qa.testCases.ContactsPageTest"/>
</testsuite> <!-- Default test -->
